[debug] [2024-09-27T16:29:17.212Z] ----------------------------------------------------------------------
[debug] [2024-09-27T16:29:17.216Z] Command:       C:\Program Files\nodejs\node.exe C:\Program Files\nodejs\node_modules\firebase-tools\lib\bin\firebase.js init
[debug] [2024-09-27T16:29:17.216Z] CLI Version:   13.20.0
[debug] [2024-09-27T16:29:17.217Z] Platform:      win32
[debug] [2024-09-27T16:29:17.217Z] Node Version:  v20.16.0
[debug] [2024-09-27T16:29:17.217Z] Time:          Fri Sep 27 2024 12:29:17 GMT-0400 (Eastern Daylight Time)
[debug] [2024-09-27T16:29:17.217Z] ----------------------------------------------------------------------
[debug] 
[debug] [2024-09-27T16:29:17.221Z] >>> [apiv2][query] GET https://firebase-public.firebaseio.com/cli.json [none]
[debug] [2024-09-27T16:29:17.285Z] > command requires scopes: ["email","openid","https://www.googleapis.com/auth/cloudplatformprojects.readonly","https://www.googleapis.com/auth/firebase","https://www.googleapis.com/auth/cloud-platform"]
[debug] [2024-09-27T16:29:17.286Z] > authorizing via signed-in user (pbrkumawat@gmail.com)
[info] 
     ######## #### ########  ######## ########     ###     ######  ########
     ##        ##  ##     ## ##       ##     ##  ##   ##  ##       ##
     ######    ##  ########  ######   ########  #########  ######  ######
     ##        ##  ##    ##  ##       ##     ## ##     ##       ## ##
     ##       #### ##     ## ######## ########  ##     ##  ######  ########

You're about to initialize a Firebase project in this directory:

  C:\Users\Admin\Desktop\Notes\my-app

[debug] [2024-09-27T16:29:18.086Z] <<< [apiv2][status] GET https://firebase-public.firebaseio.com/cli.json 200
[debug] [2024-09-27T16:29:18.087Z] <<< [apiv2][body] GET https://firebase-public.firebaseio.com/cli.json {"cloudBuildErrorAfter":1594252800000,"cloudBuildWarnAfter":1590019200000,"defaultNode10After":1594252800000,"minVersion":"3.0.5","node8DeploysDisabledAfter":1613390400000,"node8RuntimeDisabledAfter":1615809600000,"node8WarnAfter":1600128000000}
[info] 
=== Project Setup
[info] 
[info] First, let's associate this project directory with a Firebase project.
[info] You can create multiple project aliases by running firebase use --add, 
[info] but for now we'll just set up a default project.
[info] 
[debug] [2024-09-27T16:29:31.779Z] > refreshing access token with scopes: []
[debug] [2024-09-27T16:29:31.781Z] >>> [apiv2][query] POST https://www.googleapis.com/oauth2/v3/token [none]
[debug] [2024-09-27T16:29:31.781Z] >>> [apiv2][body] POST https://www.googleapis.com/oauth2/v3/token [omitted]
[debug] [2024-09-27T16:29:32.147Z] <<< [apiv2][status] POST https://www.googleapis.com/oauth2/v3/token 200
[debug] [2024-09-27T16:29:32.148Z] <<< [apiv2][body] POST https://www.googleapis.com/oauth2/v3/token [omitted]
[debug] [2024-09-27T16:29:32.199Z] >>> [apiv2][query] GET https://firebase.googleapis.com/v1beta1/projects pageSize=100
[debug] [2024-09-27T16:29:33.100Z] <<< [apiv2][status] GET https://firebase.googleapis.com/v1beta1/projects 200
[debug] [2024-09-27T16:29:33.101Z] <<< [apiv2][body] GET https://firebase.googleapis.com/v1beta1/projects [omitted]
[info] i  Using project tomnotes-564e0 (tomnotes) 
[info] 
=== Hosting Setup
[debug] [2024-09-27T16:29:44.909Z] >>> [apiv2][query] GET https://firebase.googleapis.com/v1beta1/projects/tomnotes-564e0 [none]
[debug] [2024-09-27T16:29:45.596Z] <<< [apiv2][status] GET https://firebase.googleapis.com/v1beta1/projects/tomnotes-564e0 200
[debug] [2024-09-27T16:29:45.596Z] <<< [apiv2][body] GET https://firebase.googleapis.com/v1beta1/projects/tomnotes-564e0 {"projectId":"tomnotes-564e0","projectNumber":"860516948736","displayName":"tomnotes","name":"projects/tomnotes-564e0","resources":{"hostingSite":"tomnotes-564e0"},"state":"ACTIVE","etag":"1_e64917ac-6f74-48dd-87a0-0805cf079c1f"}
[info] 
[info] Your public directory is the folder (relative to your project directory) that
[info] will contain Hosting assets to be uploaded with firebase deploy. If you
[info] have a build process for your assets, use your build's output directory.
[info] 
[info] +  Wrote build/404.html 
[debug] [2024-09-27T16:29:59.867Z] >>> [apiv2][query] GET https://www.gstatic.com/firebasejs/releases.json [none]
[debug] [2024-09-27T16:30:00.129Z] <<< [apiv2][status] GET https://www.gstatic.com/firebasejs/releases.json 200
[debug] [2024-09-27T16:30:00.130Z] <<< [apiv2][body] GET https://www.gstatic.com/firebasejs/releases.json {"current":{"version":"10.13.2","browserURL":"https://www.gstatic.com/firebasejs/10.13.2/firebase.js","packageURL":"https://www.gstatic.com/firebasejs/10.13.2/firebase.tgz"},"live":{"version":"10.13","browserURL":"https://www.gstatic.com/firebasejs/live/10.13/firebase.js","packageURL":"https://www.gstatic.com/firebasejs/live/10.13/firebase.tgz"},"components":{"analytics":"https://www.gstatic.com/firebasejs/10.13.2/firebase-analytics.js","app":"https://www.gstatic.com/firebasejs/10.13.2/firebase-app.js","app-check":"https://www.gstatic.com/firebasejs/10.13.2/firebase-app-check.js","auth":"https://www.gstatic.com/firebasejs/10.13.2/firebase-auth.js","auth/cordova":"https://www.gstatic.com/firebasejs/10.13.2/firebase-auth/cordova.js","auth/web-extension":"https://www.gstatic.com/firebasejs/10.13.2/firebase-auth/web-extension.js","functions":"https://www.gstatic.com/firebasejs/10.13.2/firebase-functions.js","firestore":"https://www.gstatic.com/firebasejs/10.13.2/firebase-firestore.js","firestore/lite":"https://www.gstatic.com/firebasejs/10.13.2/firebase-firestore/lite.js","installations":"https://www.gstatic.com/firebasejs/10.13.2/firebase-installations.js","storage":"https://www.gstatic.com/firebasejs/10.13.2/firebase-storage.js","performance":"https://www.gstatic.com/firebasejs/10.13.2/firebase-performance.js","remote-config":"https://www.gstatic.com/firebasejs/10.13.2/firebase-remote-config.js","messaging":"https://www.gstatic.com/firebasejs/10.13.2/firebase-messaging.js","messaging/sw":"https://www.gstatic.com/firebasejs/10.13.2/firebase-messaging/sw.js","database":"https://www.gstatic.com/firebasejs/10.13.2/firebase-database.js","vertexai-preview":"https://www.gstatic.com/firebasejs/10.13.2/firebase-vertexai-preview.js","firestore.memory":"https://www.gstatic.com/firebasejs/10.13.2/firebase-firestore.memory.js"}}
[debug] [2024-09-27T16:30:15.195Z] ----------------------------------------------------------------------
[debug] [2024-09-27T16:30:15.198Z] Command:       C:\Program Files\nodejs\node.exe C:\Program Files\nodejs\node_modules\firebase-tools\lib\bin\firebase.js init
[debug] [2024-09-27T16:30:15.199Z] CLI Version:   13.20.0
[debug] [2024-09-27T16:30:15.199Z] Platform:      win32
[debug] [2024-09-27T16:30:15.199Z] Node Version:  v20.16.0
[debug] [2024-09-27T16:30:15.199Z] Time:          Fri Sep 27 2024 12:30:15 GMT-0400 (Eastern Daylight Time)
[debug] [2024-09-27T16:30:15.200Z] ----------------------------------------------------------------------
[debug] 
[debug] [2024-09-27T16:30:15.208Z] > command requires scopes: ["email","openid","https://www.googleapis.com/auth/cloudplatformprojects.readonly","https://www.googleapis.com/auth/firebase","https://www.googleapis.com/auth/cloud-platform"]
[debug] [2024-09-27T16:30:15.209Z] > authorizing via signed-in user (pbrkumawat@gmail.com)
[info] 
     ######## #### ########  ######## ########     ###     ######  ########
     ##        ##  ##     ## ##       ##     ##  ##   ##  ##       ##
     ######    ##  ########  ######   ########  #########  ######  ######
     ##        ##  ##    ##  ##       ##     ## ##     ##       ## ##
     ##       #### ##     ## ######## ########  ##     ##  ######  ########

You're about to initialize a Firebase project in this directory:

  C:\Users\Admin\Desktop\Notes\my-app

[info] 
=== Project Setup
[info] 
[info] First, let's associate this project directory with a Firebase project.
[info] You can create multiple project aliases by running firebase use --add, 
[info] but for now we'll just set up a default project.
[info] 
[debug] [2024-09-27T16:30:23.057Z] >>> [apiv2][query] GET https://firebase.googleapis.com/v1beta1/projects pageSize=100
[debug] [2024-09-27T16:30:24.128Z] <<< [apiv2][status] GET https://firebase.googleapis.com/v1beta1/projects 200
[debug] [2024-09-27T16:30:24.128Z] <<< [apiv2][body] GET https://firebase.googleapis.com/v1beta1/projects [omitted]
[info] i  Using project tomnotes1 (tomnotes1) 
[info] 
=== Hosting Setup
[debug] [2024-09-27T16:30:28.589Z] >>> [apiv2][query] GET https://firebase.googleapis.com/v1beta1/projects/tomnotes1 [none]
[debug] [2024-09-27T16:30:28.986Z] <<< [apiv2][status] GET https://firebase.googleapis.com/v1beta1/projects/tomnotes1 200
[debug] [2024-09-27T16:30:28.987Z] <<< [apiv2][body] GET https://firebase.googleapis.com/v1beta1/projects/tomnotes1 {"projectId":"tomnotes1","projectNumber":"226214193431","displayName":"tomnotes1","name":"projects/tomnotes1","resources":{"hostingSite":"tomnotes1"},"state":"ACTIVE","etag":"1_cd51d109-30f7-481f-90d2-0e25a85d2c6a"}
[info] 
[info] Your public directory is the folder (relative to your project directory) that
[info] will contain Hosting assets to be uploaded with firebase deploy. If you
[info] have a build process for your assets, use your build's output directory.
[info] 
[debug] [2024-09-27T16:30:40.279Z] >>> [apiv2][query] GET https://www.gstatic.com/firebasejs/releases.json [none]
[debug] [2024-09-27T16:30:40.539Z] <<< [apiv2][status] GET https://www.gstatic.com/firebasejs/releases.json 200
[debug] [2024-09-27T16:30:40.540Z] <<< [apiv2][body] GET https://www.gstatic.com/firebasejs/releases.json {"current":{"version":"10.13.2","browserURL":"https://www.gstatic.com/firebasejs/10.13.2/firebase.js","packageURL":"https://www.gstatic.com/firebasejs/10.13.2/firebase.tgz"},"live":{"version":"10.13","browserURL":"https://www.gstatic.com/firebasejs/live/10.13/firebase.js","packageURL":"https://www.gstatic.com/firebasejs/live/10.13/firebase.tgz"},"components":{"analytics":"https://www.gstatic.com/firebasejs/10.13.2/firebase-analytics.js","app":"https://www.gstatic.com/firebasejs/10.13.2/firebase-app.js","app-check":"https://www.gstatic.com/firebasejs/10.13.2/firebase-app-check.js","auth":"https://www.gstatic.com/firebasejs/10.13.2/firebase-auth.js","auth/cordova":"https://www.gstatic.com/firebasejs/10.13.2/firebase-auth/cordova.js","auth/web-extension":"https://www.gstatic.com/firebasejs/10.13.2/firebase-auth/web-extension.js","functions":"https://www.gstatic.com/firebasejs/10.13.2/firebase-functions.js","firestore":"https://www.gstatic.com/firebasejs/10.13.2/firebase-firestore.js","firestore/lite":"https://www.gstatic.com/firebasejs/10.13.2/firebase-firestore/lite.js","installations":"https://www.gstatic.com/firebasejs/10.13.2/firebase-installations.js","storage":"https://www.gstatic.com/firebasejs/10.13.2/firebase-storage.js","performance":"https://www.gstatic.com/firebasejs/10.13.2/firebase-performance.js","remote-config":"https://www.gstatic.com/firebasejs/10.13.2/firebase-remote-config.js","messaging":"https://www.gstatic.com/firebasejs/10.13.2/firebase-messaging.js","messaging/sw":"https://www.gstatic.com/firebasejs/10.13.2/firebase-messaging/sw.js","database":"https://www.gstatic.com/firebasejs/10.13.2/firebase-database.js","vertexai-preview":"https://www.gstatic.com/firebasejs/10.13.2/firebase-vertexai-preview.js","firestore.memory":"https://www.gstatic.com/firebasejs/10.13.2/firebase-firestore.memory.js"}}
[info] i  Skipping write of build/index.html 
[info] 
[info] i  Detected a .git folder at C:\Users\Admin\Desktop\Notes 
[info] i  Authorizing with GitHub to upload your service account to a GitHub repository's secrets store. 
[info] 
[info] Visit this URL on this device to log in:
[info] https://github.com/login/oauth/authorize?client_id=89cf50f02ac6aaed3484&state=509970237&redirect_uri=http%3A%2F%2Flocalhost%3A9005&scope=read%3Auser%20repo%20public_repo
[info] 
[info] Waiting for authentication...
[debug] [2024-09-27T16:30:44.191Z] >>> [apiv2][query] POST https://github.com/login/oauth/access_token [none]
[debug] [2024-09-27T16:30:44.191Z] >>> [apiv2][body] POST https://github.com/login/oauth/access_token [stream]
[debug] [2024-09-27T16:30:44.688Z] <<< [apiv2][status] POST https://github.com/login/oauth/access_token 200
[debug] [2024-09-27T16:30:44.689Z] <<< [apiv2][body] POST https://github.com/login/oauth/access_token {"access_token":"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","token_type":"bearer","scope":"read:user,repo"}
[debug] [2024-09-27T16:30:44.704Z] >>> [apiv2][query] GET https://api.github.com/user [none]
[debug] [2024-09-27T16:30:45.255Z] <<< [apiv2][status] GET https://api.github.com/user 200
[debug] [2024-09-27T16:30:45.255Z] <<< [apiv2][body] GET https://api.github.com/user {"login":"bankmanage50665","id":126253027,"node_id":"U_kgDOB4Z34w","avatar_url":"https://avatars.githubusercontent.com/u/126253027?v=4","gravatar_id":"","url":"https://api.github.com/users/bankmanage50665","html_url":"https://github.com/bankmanage50665","followers_url":"https://api.github.com/users/bankmanage50665/followers","following_url":"https://api.github.com/users/bankmanage50665/following{/other_user}","gists_url":"https://api.github.com/users/bankmanage50665/gists{/gist_id}","starred_url":"https://api.github.com/users/bankmanage50665/starred{/owner}{/repo}","subscriptions_url":"https://api.github.com/users/bankmanage50665/subscriptions","organizations_url":"https://api.github.com/users/bankmanage50665/orgs","repos_url":"https://api.github.com/users/bankmanage50665/repos","events_url":"https://api.github.com/users/bankmanage50665/events{/privacy}","received_events_url":"https://api.github.com/users/bankmanage50665/received_events","type":"User","site_admin":false,"name":null,"company":null,"blog":"","location":null,"email":null,"hireable":null,"bio":null,"twitter_username":null,"notification_email":null,"public_repos":7,"public_gists":0,"followers":0,"following":0,"created_at":"2023-02-24T11:59:27Z","updated_at":"2024-09-26T07:42:54Z","private_gists":0,"total_private_repos":2,"owned_private_repos":2,"disk_usage":29446,"collaborators":0,"two_factor_authentication":true,"plan":{"name":"free","space":976562499,"collaborators":0,"private_repos":10000}}
[info] 
[info] +  Success! Logged into GitHub as bankmanage50665 
[info] 
